{"/Users/radghost/dev/lan-discovery/src/command.ts": {"path":"/Users/radghost/dev/lan-discovery/src/command.ts","statementMap":{"0":{"start":{"line":1,"column":0},"end":{"line":1,"column":31}},"1":{"start":{"line":2,"column":0},"end":{"line":2,"column":35}},"2":{"start":{"line":4,"column":0},"end":{"line":4,"column":31}},"3":{"start":{"line":5,"column":0},"end":{"line":5,"column":60}},"4":{"start":{"line":7,"column":15},"end":{"line":7,"column":48}},"5":{"start":{"line":9,"column":31},"end":{"line":13,"column":1}},"6":{"start":{"line":10,"column":19},"end":{"line":10,"column":41}},"7":{"start":{"line":11,"column":2},"end":{"line":11,"column":65}},"8":{"start":{"line":12,"column":2},"end":{"line":12,"column":61}},"9":{"start":{"line":9,"column":13},"end":{"line":9,"column":31}},"10":{"start":{"line":15,"column":39},"end":{"line":30,"column":2}},"11":{"start":{"line":15,"column":77},"end":{"line":30,"column":2}},"12":{"start":{"line":16,"column":2},"end":{"line":16,"column":82}},"13":{"start":{"line":17,"column":2},"end":{"line":29,"column":null}},"14":{"start":{"line":18,"column":20},"end":{"line":18,"column":48}},"15":{"start":{"line":19,"column":4},"end":{"line":19,"column":30}},"16":{"start":{"line":22,"column":4},"end":{"line":27,"column":null}},"17":{"start":{"line":23,"column":6},"end":{"line":23,"column":34}},"18":{"start":{"line":26,"column":6},"end":{"line":26,"column":85}},"19":{"start":{"line":28,"column":4},"end":{"line":28,"column":41}},"20":{"start":{"line":15,"column":13},"end":{"line":15,"column":39}}},"fnMap":{"0":{"name":"(anonymous_7)","decl":{"start":{"line":9,"column":31},"end":{"line":9,"column":40}},"loc":{"start":{"line":9,"column":42},"end":{"line":13,"column":1}}},"1":{"name":"(anonymous_8)","decl":{"start":{"line":15,"column":39},"end":{"line":15,"column":46}},"loc":{"start":{"line":15,"column":77},"end":{"line":30,"column":2}}},"2":{"name":"(anonymous_9)","decl":{"start":{"line":15,"column":77},"end":{"line":15,"column":null}},"loc":{"start":{"line":15,"column":77},"end":{"line":30,"column":1}}}},"branchMap":{"0":{"loc":{"start":{"line":22,"column":4},"end":{"line":27,"column":null}},"type":"if","locations":[{"start":{"line":22,"column":4},"end":{"line":27,"column":null}},{"start":{"line":25,"column":9},"end":{"line":27,"column":null}}]},"1":{"loc":{"start":{"line":22,"column":8},"end":{"line":22,"column":74}},"type":"binary-expr","locations":[{"start":{"line":22,"column":8},"end":{"line":22,"column":40}},{"start":{"line":22,"column":44},"end":{"line":22,"column":74}}]}},"s":{"0":1,"1":1,"2":1,"3":1,"4":1,"5":1,"6":1,"7":1,"8":1,"9":1,"10":1,"11":5,"12":5,"13":5,"14":5,"15":2,"16":3,"17":0,"18":3,"19":3,"20":1},"f":{"0":1,"1":5,"2":5},"b":{"0":[0,3],"1":[3,3]}}
,"/Users/radghost/dev/lan-discovery/src/nics/index.ts": {"path":"/Users/radghost/dev/lan-discovery/src/nics/index.ts","statementMap":{"0":{"start":{"line":1,"column":0},"end":{"line":1,"column":34}},"1":{"start":{"line":2,"column":0},"end":{"line":2,"column":31}},"2":{"start":{"line":3,"column":0},"end":{"line":3,"column":29}},"3":{"start":{"line":4,"column":0},"end":{"line":4,"column":28}}},"fnMap":{},"branchMap":{},"s":{"0":2,"1":2,"2":2,"3":2},"f":{},"b":{}}
,"/Users/radghost/dev/lan-discovery/src/nics/nics.service.ts": {"path":"/Users/radghost/dev/lan-discovery/src/nics/nics.service.ts","statementMap":{"0":{"start":{"line":1,"column":0},"end":{"line":1,"column":39}},"1":{"start":{"line":2,"column":0},"end":{"line":2,"column":31}},"2":{"start":{"line":3,"column":0},"end":{"line":3,"column":35}},"3":{"start":{"line":5,"column":0},"end":{"line":5,"column":81}},"4":{"start":{"line":6,"column":0},"end":{"line":6,"column":74}},"5":{"start":{"line":7,"column":0},"end":{"line":7,"column":34}},"6":{"start":{"line":9,"column":15},"end":{"line":9,"column":48}},"7":{"start":{"line":11,"column":31},"end":{"line":14,"column":1}},"8":{"start":{"line":12,"column":15},"end":{"line":12,"column":34}},"9":{"start":{"line":13,"column":2},"end":{"line":13,"column":27}},"10":{"start":{"line":11,"column":13},"end":{"line":11,"column":31}},"11":{"start":{"line":16,"column":32},"end":{"line":53,"column":null}},"12":{"start":{"line":16,"column":81},"end":{"line":53,"column":null}},"13":{"start":{"line":17,"column":15},"end":{"line":17,"column":34}},"14":{"start":{"line":19,"column":21},"end":{"line":19,"column":56}},"15":{"start":{"line":20,"column":2},"end":{"line":25,"column":null}},"16":{"start":{"line":21,"column":20},"end":{"line":22,"column":null}},"17":{"start":{"line":24,"column":4},"end":{"line":24,"column":39}},"18":{"start":{"line":27,"column":2},"end":{"line":27,"column":29}},"19":{"start":{"line":29,"column":19},"end":{"line":29,"column":51}},"20":{"start":{"line":30,"column":2},"end":{"line":35,"column":null}},"21":{"start":{"line":31,"column":20},"end":{"line":32,"column":null}},"22":{"start":{"line":34,"column":4},"end":{"line":34,"column":37}},"23":{"start":{"line":37,"column":22},"end":{"line":37,"column":24}},"24":{"start":{"line":39,"column":2},"end":{"line":46,"column":null}},"25":{"start":{"line":40,"column":4},"end":{"line":40,"column":41}},"26":{"start":{"line":44,"column":4},"end":{"line":44,"column":24}},"27":{"start":{"line":45,"column":4},"end":{"line":45,"column":70}},"28":{"start":{"line":48,"column":2},"end":{"line":50,"column":5}},"29":{"start":{"line":49,"column":4},"end":{"line":49,"column":55}},"30":{"start":{"line":52,"column":2},"end":{"line":52,"column":34}},"31":{"start":{"line":16,"column":13},"end":{"line":16,"column":32}}},"fnMap":{"0":{"name":"(anonymous_7)","decl":{"start":{"line":11,"column":31},"end":{"line":11,"column":44}},"loc":{"start":{"line":11,"column":46},"end":{"line":14,"column":1}}},"1":{"name":"(anonymous_8)","decl":{"start":{"line":16,"column":32},"end":{"line":16,"column":39}},"loc":{"start":{"line":16,"column":81},"end":{"line":53,"column":null}}},"2":{"name":"(anonymous_9)","decl":{"start":{"line":16,"column":81},"end":{"line":16,"column":null}},"loc":{"start":{"line":16,"column":81},"end":{"line":53,"column":1}}},"3":{"name":"(anonymous_10)","decl":{"start":{"line":48,"column":19},"end":{"line":48,"column":23}},"loc":{"start":{"line":48,"column":26},"end":{"line":50,"column":3}}}},"branchMap":{"0":{"loc":{"start":{"line":20,"column":2},"end":{"line":25,"column":null}},"type":"if","locations":[{"start":{"line":20,"column":2},"end":{"line":25,"column":null}}]},"1":{"loc":{"start":{"line":30,"column":2},"end":{"line":35,"column":null}},"type":"if","locations":[{"start":{"line":30,"column":2},"end":{"line":35,"column":null}}]}},"s":{"0":2,"1":2,"2":2,"3":2,"4":2,"5":2,"6":2,"7":2,"8":1,"9":1,"10":2,"11":2,"12":7,"13":7,"14":7,"15":7,"16":1,"17":1,"18":6,"19":6,"20":6,"21":1,"22":1,"23":5,"24":5,"25":5,"26":1,"27":1,"28":4,"29":8,"30":4,"31":2},"f":{"0":1,"1":7,"2":7,"3":8},"b":{"0":[1],"1":[1]}}
,"/Users/radghost/dev/lan-discovery/src/nics/nics.types.ts": {"path":"/Users/radghost/dev/lan-discovery/src/nics/nics.types.ts","statementMap":{"0":{"start":{"line":14,"column":4},"end":{"line":14,"column":19}},"1":{"start":{"line":15,"column":4},"end":{"line":15,"column":34}},"2":{"start":{"line":12,"column":0},"end":{"line":12,"column":13}},"3":{"start":{"line":21,"column":4},"end":{"line":21,"column":19}},"4":{"start":{"line":22,"column":4},"end":{"line":22,"column":32}},"5":{"start":{"line":19,"column":0},"end":{"line":19,"column":13}},"6":{"start":{"line":28,"column":4},"end":{"line":28,"column":19}},"7":{"start":{"line":29,"column":4},"end":{"line":29,"column":32}},"8":{"start":{"line":26,"column":0},"end":{"line":26,"column":13}}},"fnMap":{"0":{"name":"(anonymous_0)","decl":{"start":{"line":13,"column":2},"end":{"line":13,"column":14}},"loc":{"start":{"line":13,"column":29},"end":{"line":16,"column":3}}},"1":{"name":"(anonymous_1)","decl":{"start":{"line":20,"column":2},"end":{"line":20,"column":14}},"loc":{"start":{"line":20,"column":29},"end":{"line":23,"column":3}}},"2":{"name":"(anonymous_2)","decl":{"start":{"line":27,"column":2},"end":{"line":27,"column":14}},"loc":{"start":{"line":27,"column":29},"end":{"line":30,"column":3}}}},"branchMap":{},"s":{"0":1,"1":1,"2":2,"3":1,"4":1,"5":2,"6":1,"7":1,"8":2},"f":{"0":1,"1":1,"2":1},"b":{}}
,"/Users/radghost/dev/lan-discovery/src/nics/nics.util.ts": {"path":"/Users/radghost/dev/lan-discovery/src/nics/nics.util.ts","statementMap":{"0":{"start":{"line":1,"column":0},"end":{"line":1,"column":31}},"1":{"start":{"line":2,"column":0},"end":{"line":2,"column":29}},"2":{"start":{"line":3,"column":0},"end":{"line":3,"column":29}},"3":{"start":{"line":4,"column":0},"end":{"line":4,"column":35}},"4":{"start":{"line":5,"column":0},"end":{"line":5,"column":31}},"5":{"start":{"line":10,"column":15},"end":{"line":10,"column":48}},"6":{"start":{"line":12,"column":33},"end":{"line":22,"column":1}},"7":{"start":{"line":13,"column":17},"end":{"line":13,"column":21}},"8":{"start":{"line":15,"column":2},"end":{"line":19,"column":5}},"9":{"start":{"line":16,"column":4},"end":{"line":18,"column":null}},"10":{"start":{"line":17,"column":6},"end":{"line":17,"column":27}},"11":{"start":{"line":21,"column":2},"end":{"line":21,"column":18}},"12":{"start":{"line":12,"column":13},"end":{"line":12,"column":33}},"13":{"start":{"line":24,"column":33},"end":{"line":34,"column":1}},"14":{"start":{"line":25,"column":2},"end":{"line":33,"column":5}},"15":{"start":{"line":26,"column":4},"end":{"line":32,"column":7}},"16":{"start":{"line":27,"column":6},"end":{"line":29,"column":null}},"17":{"start":{"line":28,"column":8},"end":{"line":28,"column":22}},"18":{"start":{"line":31,"column":6},"end":{"line":31,"column":21}},"19":{"start":{"line":24,"column":13},"end":{"line":24,"column":33}},"20":{"start":{"line":36,"column":29},"end":{"line":69,"column":null}},"21":{"start":{"line":40,"column":25},"end":{"line":69,"column":null}},"22":{"start":{"line":41,"column":2},"end":{"line":68,"column":5}},"23":{"start":{"line":42,"column":4},"end":{"line":42,"column":53}},"24":{"start":{"line":43,"column":4},"end":{"line":67,"column":33}},"25":{"start":{"line":43,"column":44},"end":{"line":67,"column":7}},"26":{"start":{"line":44,"column":6},"end":{"line":49,"column":null}},"27":{"start":{"line":45,"column":8},"end":{"line":45,"column":62}},"28":{"start":{"line":48,"column":8},"end":{"line":48,"column":68}},"29":{"start":{"line":51,"column":21},"end":{"line":51,"column":25}},"30":{"start":{"line":52,"column":6},"end":{"line":60,"column":null}},"31":{"start":{"line":53,"column":8},"end":{"line":59,"column":null}},"32":{"start":{"line":54,"column":22},"end":{"line":54,"column":53}},"33":{"start":{"line":55,"column":10},"end":{"line":55,"column":45}},"34":{"start":{"line":58,"column":10},"end":{"line":58,"column":67}},"35":{"start":{"line":62,"column":6},"end":{"line":66,"column":9}},"36":{"start":{"line":36,"column":13},"end":{"line":36,"column":29}},"37":{"start":{"line":71,"column":32},"end":{"line":96,"column":1}},"38":{"start":{"line":72,"column":17},"end":{"line":72,"column":22}},"39":{"start":{"line":73,"column":2},"end":{"line":89,"column":5}},"40":{"start":{"line":74,"column":4},"end":{"line":88,"column":null}},"41":{"start":{"line":75,"column":6},"end":{"line":75,"column":22}},"42":{"start":{"line":76,"column":6},"end":{"line":76,"column":84}},"43":{"start":{"line":77,"column":6},"end":{"line":82,"column":null}},"44":{"start":{"line":78,"column":8},"end":{"line":78,"column":68}},"45":{"start":{"line":81,"column":8},"end":{"line":81,"column":73}},"46":{"start":{"line":85,"column":6},"end":{"line":87,"column":8}},"47":{"start":{"line":90,"column":2},"end":{"line":95,"column":null}},"48":{"start":{"line":91,"column":4},"end":{"line":94,"column":7}},"49":{"start":{"line":71,"column":13},"end":{"line":71,"column":32}}},"fnMap":{"0":{"name":"(anonymous_7)","decl":{"start":{"line":12,"column":33},"end":{"line":12,"column":34}},"loc":{"start":{"line":12,"column":73},"end":{"line":22,"column":1}}},"1":{"name":"(anonymous_8)","decl":{"start":{"line":15,"column":14},"end":{"line":15,"column":15}},"loc":{"start":{"line":15,"column":18},"end":{"line":19,"column":3}}},"2":{"name":"(anonymous_9)","decl":{"start":{"line":24,"column":33},"end":{"line":24,"column":56}},"loc":{"start":{"line":24,"column":58},"end":{"line":34,"column":1}}},"3":{"name":"(anonymous_10)","decl":{"start":{"line":25,"column":21},"end":{"line":25,"column":22}},"loc":{"start":{"line":25,"column":41},"end":{"line":33,"column":3}}},"4":{"name":"(anonymous_11)","decl":{"start":{"line":26,"column":14},"end":{"line":26,"column":15}},"loc":{"start":{"line":26,"column":31},"end":{"line":32,"column":5}}},"5":{"name":"(anonymous_12)","decl":{"start":{"line":36,"column":29},"end":{"line":36,"column":null}},"loc":{"start":{"line":40,"column":25},"end":{"line":69,"column":null}}},"6":{"name":"(anonymous_13)","decl":{"start":{"line":40,"column":25},"end":{"line":40,"column":null}},"loc":{"start":{"line":40,"column":25},"end":{"line":69,"column":1}}},"7":{"name":"(anonymous_14)","decl":{"start":{"line":41,"column":21},"end":{"line":41,"column":22}},"loc":{"start":{"line":41,"column":41},"end":{"line":68,"column":3}}},"8":{"name":"(anonymous_15)","decl":{"start":{"line":43,"column":28},"end":{"line":43,"column":35}},"loc":{"start":{"line":43,"column":44},"end":{"line":67,"column":7}}},"9":{"name":"(anonymous_16)","decl":{"start":{"line":43,"column":44},"end":{"line":43,"column":null}},"loc":{"start":{"line":43,"column":44},"end":{"line":67,"column":5}}},"10":{"name":"(anonymous_17)","decl":{"start":{"line":71,"column":32},"end":{"line":71,"column":33}},"loc":{"start":{"line":71,"column":64},"end":{"line":96,"column":1}}},"11":{"name":"(anonymous_18)","decl":{"start":{"line":73,"column":18},"end":{"line":73,"column":24}},"loc":{"start":{"line":73,"column":27},"end":{"line":89,"column":3}}}},"branchMap":{"0":{"loc":{"start":{"line":16,"column":4},"end":{"line":18,"column":null}},"type":"if","locations":[{"start":{"line":16,"column":4},"end":{"line":18,"column":null}}]},"1":{"loc":{"start":{"line":27,"column":6},"end":{"line":29,"column":null}},"type":"if","locations":[{"start":{"line":27,"column":6},"end":{"line":29,"column":null}}]},"2":{"loc":{"start":{"line":39,"column":2},"end":{"line":39,"column":31}},"type":"default-arg","locations":[{"start":{"line":39,"column":27},"end":{"line":39,"column":31}}]},"3":{"loc":{"start":{"line":44,"column":6},"end":{"line":49,"column":null}},"type":"if","locations":[{"start":{"line":44,"column":6},"end":{"line":49,"column":null}},{"start":{"line":47,"column":11},"end":{"line":49,"column":null}}]},"4":{"loc":{"start":{"line":52,"column":6},"end":{"line":60,"column":null}},"type":"if","locations":[{"start":{"line":52,"column":6},"end":{"line":60,"column":null}}]},"5":{"loc":{"start":{"line":52,"column":10},"end":{"line":52,"column":32}},"type":"binary-expr","locations":[{"start":{"line":52,"column":10},"end":{"line":52,"column":23}},{"start":{"line":52,"column":27},"end":{"line":52,"column":32}}]},"6":{"loc":{"start":{"line":74,"column":4},"end":{"line":88,"column":null}},"type":"if","locations":[{"start":{"line":74,"column":4},"end":{"line":88,"column":null}},{"start":{"line":84,"column":9},"end":{"line":88,"column":null}}]},"7":{"loc":{"start":{"line":77,"column":6},"end":{"line":82,"column":null}},"type":"if","locations":[{"start":{"line":77,"column":6},"end":{"line":82,"column":null}},{"start":{"line":80,"column":11},"end":{"line":82,"column":null}}]},"8":{"loc":{"start":{"line":90,"column":2},"end":{"line":95,"column":null}},"type":"if","locations":[{"start":{"line":90,"column":2},"end":{"line":95,"column":null}}]}},"s":{"0":3,"1":3,"2":3,"3":3,"4":3,"5":3,"6":3,"7":2,"8":2,"9":3,"10":1,"11":2,"12":3,"13":3,"14":2,"15":2,"16":1,"17":0,"18":1,"19":3,"20":3,"21":6,"22":6,"23":6,"24":6,"25":6,"26":6,"27":1,"28":5,"29":6,"30":6,"31":4,"32":4,"33":3,"34":1,"35":6,"36":3,"37":3,"38":4,"39":4,"40":4,"41":2,"42":2,"43":2,"44":1,"45":1,"46":2,"47":4,"48":2,"49":3},"f":{"0":2,"1":3,"2":2,"3":2,"4":1,"5":6,"6":6,"7":6,"8":6,"9":6,"10":4,"11":4},"b":{"0":[1],"1":[0],"2":[5],"3":[1,5],"4":[4],"5":[6,5],"6":[2,2],"7":[1,1],"8":[2]}}
}
