TN:
SF:src/command.ts
FN:9,(anonymous_7)
FN:15,(anonymous_8)
FN:15,(anonymous_9)
FNF:3
FNH:3
FNDA:1,(anonymous_7)
FNDA:5,(anonymous_8)
FNDA:5,(anonymous_9)
DA:1,1
DA:2,1
DA:4,1
DA:5,1
DA:7,1
DA:9,1
DA:10,1
DA:11,1
DA:12,1
DA:15,5
DA:16,5
DA:17,5
DA:18,5
DA:19,2
DA:22,3
DA:23,0
DA:26,3
DA:28,3
LF:18
LH:17
BRDA:22,0,0,0
BRDA:22,0,1,3
BRDA:22,1,0,3
BRDA:22,1,1,3
BRF:4
BRH:3
end_of_record
TN:
SF:src/nics/index.ts
FNF:0
FNH:0
DA:1,2
DA:2,2
DA:3,2
DA:4,2
LF:4
LH:4
BRF:0
BRH:0
end_of_record
TN:
SF:src/nics/nics.service.ts
FN:11,(anonymous_7)
FN:16,(anonymous_8)
FN:16,(anonymous_9)
FN:48,(anonymous_10)
FNF:4
FNH:4
FNDA:1,(anonymous_7)
FNDA:7,(anonymous_8)
FNDA:7,(anonymous_9)
FNDA:8,(anonymous_10)
DA:1,2
DA:2,2
DA:3,2
DA:5,2
DA:6,2
DA:7,2
DA:9,2
DA:11,2
DA:12,1
DA:13,1
DA:16,7
DA:17,7
DA:19,7
DA:20,7
DA:21,1
DA:24,1
DA:27,6
DA:29,6
DA:30,6
DA:31,1
DA:34,1
DA:37,5
DA:39,5
DA:40,5
DA:44,1
DA:45,1
DA:48,4
DA:49,8
DA:52,4
LF:29
LH:29
BRDA:20,0,0,1
BRDA:30,1,0,1
BRF:2
BRH:2
end_of_record
TN:
SF:src/nics/nics.types.ts
FN:13,(anonymous_0)
FN:20,(anonymous_1)
FN:27,(anonymous_2)
FNF:3
FNH:3
FNDA:1,(anonymous_0)
FNDA:1,(anonymous_1)
FNDA:1,(anonymous_2)
DA:12,2
DA:14,1
DA:15,1
DA:19,2
DA:21,1
DA:22,1
DA:26,2
DA:28,1
DA:29,1
LF:9
LH:9
BRF:0
BRH:0
end_of_record
TN:
SF:src/nics/nics.util.ts
FN:12,(anonymous_7)
FN:15,(anonymous_8)
FN:24,(anonymous_9)
FN:25,(anonymous_10)
FN:26,(anonymous_11)
FN:36,(anonymous_12)
FN:40,(anonymous_13)
FN:41,(anonymous_14)
FN:43,(anonymous_15)
FN:43,(anonymous_16)
FN:71,(anonymous_17)
FN:73,(anonymous_18)
FNF:12
FNH:12
FNDA:2,(anonymous_7)
FNDA:3,(anonymous_8)
FNDA:2,(anonymous_9)
FNDA:2,(anonymous_10)
FNDA:1,(anonymous_11)
FNDA:6,(anonymous_12)
FNDA:6,(anonymous_13)
FNDA:6,(anonymous_14)
FNDA:6,(anonymous_15)
FNDA:6,(anonymous_16)
FNDA:4,(anonymous_17)
FNDA:4,(anonymous_18)
DA:1,3
DA:2,3
DA:3,3
DA:4,3
DA:5,3
DA:10,3
DA:12,3
DA:13,2
DA:15,2
DA:16,3
DA:17,1
DA:21,2
DA:24,3
DA:25,2
DA:26,2
DA:27,1
DA:28,0
DA:31,1
DA:36,3
DA:40,6
DA:41,6
DA:42,6
DA:43,6
DA:44,6
DA:45,1
DA:48,5
DA:51,6
DA:52,6
DA:53,4
DA:54,4
DA:55,3
DA:58,1
DA:62,6
DA:71,3
DA:72,4
DA:73,4
DA:74,4
DA:75,2
DA:76,2
DA:77,2
DA:78,1
DA:81,1
DA:85,2
DA:90,4
DA:91,2
LF:45
LH:44
BRDA:16,0,0,1
BRDA:27,1,0,0
BRDA:39,2,0,5
BRDA:44,3,0,1
BRDA:44,3,1,5
BRDA:52,4,0,4
BRDA:52,5,0,6
BRDA:52,5,1,5
BRDA:74,6,0,2
BRDA:74,6,1,2
BRDA:77,7,0,1
BRDA:77,7,1,1
BRDA:90,8,0,2
BRF:13
BRH:12
end_of_record
